Using pre-set license
Built from '2020.3/staging' branch; Version is '2020.3.26f1 (7298b473bc1a) revision 7510196'; Using compiler version '192528614'; Build Type 'Release'
OS: 'Windows 10  (10.0.19042) 64bit Professional' Language: 'en' Physical Memory: 32732 MB
BatchMode: 1, IsHumanControllingUs: 0, StartBugReporterOnCrash: 0, Is64bit: 1, IsPro: 0

COMMAND LINE ARGUMENTS:
D:\Unity Editors\2020.3.26f1\Editor\Unity.exe
-adb2
-batchMode
-noUpm
-name
AssetImportWorker0
-projectPath
D:/Unity/Projects/GameJam2022/NoNameGame
-logFile
Logs/AssetImportWorker0.log
-srvPort
58369
Successfully changed project path to: D:/Unity/Projects/GameJam2022/NoNameGame
D:/Unity/Projects/GameJam2022/NoNameGame
Using Asset Import Pipeline V2.
Refreshing native plugins compatible for Editor in 25.20 ms, found 2 plugins.
Preloading 0 native plugins for Editor in 0.00 ms.
Initialize engine version: 2020.3.26f1 (7298b473bc1a)
[Subsystems] Discovering subsystems at path D:/Unity Editors/2020.3.26f1/Editor/Data/Resources/UnitySubsystems
[Subsystems] Discovering subsystems at path D:/Unity/Projects/GameJam2022/NoNameGame/Assets
GfxDevice: creating device client; threaded=0
Direct3D:
    Version:  Direct3D 11.0 [level 11.1]
    Renderer: NVIDIA GeForce GTX 1080 (ID=0x1b80)
    Vendor:   
    VRAM:     8079 MB
    Driver:   30.0.14.9649
Initialize mono
Mono path[0] = 'D:/Unity Editors/2020.3.26f1/Editor/Data/Managed'
Mono path[1] = 'D:/Unity Editors/2020.3.26f1/Editor/Data/MonoBleedingEdge/lib/mono/unityjit'
Mono config path = 'D:/Unity Editors/2020.3.26f1/Editor/Data/MonoBleedingEdge/etc'
Using monoOptions --debugger-agent=transport=dt_socket,embedding=1,server=y,suspend=n,address=127.0.0.1:56768
Begin MonoManager ReloadAssembly
Registering precompiled unity dll's ...
Register platform support module: D:/Unity Editors/2020.3.26f1/Editor/Data/PlaybackEngines/MacStandaloneSupport/UnityEditor.OSXStandalone.Extensions.dll
Register platform support module: D:/Unity Editors/2020.3.26f1/Editor/Data/PlaybackEngines/WindowsStandaloneSupport/UnityEditor.WindowsStandalone.Extensions.dll
Register platform support module: D:/Unity Editors/2020.3.26f1/Editor/Data/PlaybackEngines/LinuxStandaloneSupport/UnityEditor.LinuxStandalone.Extensions.dll
Registered in 0.001636 seconds.
Native extension for LinuxStandalone target not found
Native extension for WindowsStandalone target not found
Native extension for OSXStandalone target not found
Refreshing native plugins compatible for Editor in 25.83 ms, found 2 plugins.
Preloading 0 native plugins for Editor in 0.00 ms.
Mono: successfully reloaded assembly
- Completed reload, in  0.482 seconds
Domain Reload Profiling:
	ReloadAssembly (482ms)
		BeginReloadAssembly (56ms)
			ExecutionOrderSort (0ms)
			DisableScriptedObjects (0ms)
			BackupInstance (0ms)
			ReleaseScriptingObjects (0ms)
			CreateAndSetChildDomain (1ms)
		EndReloadAssembly (370ms)
			LoadAssemblies (56ms)
			RebuildTransferFunctionScriptingTraits (0ms)
			SetupTypeCache (127ms)
			ReleaseScriptCaches (0ms)
			RebuildScriptCaches (26ms)
			SetupLoadedEditorAssemblies (135ms)
				LogAssemblyErrors (0ms)
				InitializePlatformSupportModulesInManaged (5ms)
				SetLoadedEditorAssemblies (0ms)
				RefreshPlugins (26ms)
				BeforeProcessingInitializeOnLoad (14ms)
				ProcessInitializeOnLoadAttributes (67ms)
				ProcessInitializeOnLoadMethodAttributes (22ms)
				AfterProcessingInitializeOnLoad (0ms)
				EditorAssembliesLoaded (0ms)
			ExecutionOrderSort2 (0ms)
			AwakeInstancesAfterBackupRestoration (0ms)
Platform modules already initialized, skipping
Registering precompiled user dll's ...
Registered in 0.003559 seconds.
Begin MonoManager ReloadAssembly
Native extension for LinuxStandalone target not found
Native extension for WindowsStandalone target not found
Native extension for OSXStandalone target not found
Refreshing native plugins compatible for Editor in 0.28 ms, found 2 plugins.
Preloading 0 native plugins for Editor in 0.00 ms.
Mono: successfully reloaded assembly
- Completed reload, in  0.830 seconds
Domain Reload Profiling:
	ReloadAssembly (831ms)
		BeginReloadAssembly (127ms)
			ExecutionOrderSort (0ms)
			DisableScriptedObjects (4ms)
			BackupInstance (0ms)
			ReleaseScriptingObjects (0ms)
			CreateAndSetChildDomain (15ms)
		EndReloadAssembly (659ms)
			LoadAssemblies (85ms)
			RebuildTransferFunctionScriptingTraits (0ms)
			SetupTypeCache (242ms)
			ReleaseScriptCaches (0ms)
			RebuildScriptCaches (33ms)
			SetupLoadedEditorAssemblies (240ms)
				LogAssemblyErrors (0ms)
				InitializePlatformSupportModulesInManaged (5ms)
				SetLoadedEditorAssemblies (0ms)
				RefreshPlugins (0ms)
				BeforeProcessingInitializeOnLoad (62ms)
				ProcessInitializeOnLoadAttributes (163ms)
				ProcessInitializeOnLoadMethodAttributes (7ms)
				AfterProcessingInitializeOnLoad (2ms)
				EditorAssembliesLoaded (0ms)
			ExecutionOrderSort2 (0ms)
			AwakeInstancesAfterBackupRestoration (5ms)
Platform modules already initialized, skipping
========================================================================
Worker process is ready to serve import requests
Launched and connected shader compiler UnityShaderCompiler.exe after 0.06 seconds
Refreshing native plugins compatible for Editor in 0.34 ms, found 2 plugins.
Preloading 0 native plugins for Editor in 0.00 ms.
Unloading 1503 Unused Serialized files (Serialized files now loaded: 0)
System memory in use before: 67.5 MB.
System memory in use after: 67.6 MB.

Unloading 19 unused Assets to reduce memory usage. Loaded Objects now: 1935.
Total: 2.390100 ms (FindLiveObjects: 0.191300 ms CreateObjectMapping: 0.074500 ms MarkObjects: 2.071000 ms  DeleteObjects: 0.052500 ms)

AssetImportParameters requested are different than current active one (requested -> active):
  custom:framework-win-MediaFoundation: 216162199b28c13a410421893ffa2e32 -> 
  custom:video-decoder-ogg-theora: a1e56fd34408186e4bbccfd4996cb3dc -> 
  custom:container-muxer-webm: aa71ff27fc2769a1b78a27578f13a17b -> 
  custom:container-demuxer-webm: 4f35f7cbe854078d1ac9338744f61a02 -> 
  custom:container-demuxer-ogg: 62fdf1f143b41e24485cea50d1cbac27 -> 
  custom:video-encoder-webm-vp8: eb34c28f22e8b96e1ab97ce403110664 -> 
  custom:video-decoder-webm-vp8: 9c59270c3fd7afecdb556c50c9e8de78 -> 
  custom:audio-decoder-ogg-vorbis: bf7c407c2cedff20999df2af8eb42d56 -> 
  custom:audio-encoder-webm-vorbis: bf7c407c2cedff20999df2af8eb42d56 -> 
========================================================================
Received Import Request.
  path: Assets
  artifactKey: Guid(00000000000000001000000000000000) Importer(815301076,1909f56bfc062723c751e8b465ee728b)
Start importing Assets using Guid(00000000000000001000000000000000) Importer(815301076,1909f56bfc062723c751e8b465ee728b)  -> (artifact id: '42d402b061de3733987d63b9cc3b64de') in 0.008396 seconds 
  Import took 0.011073 seconds .

========================================================================
Received Import Request.
  Time since last request: 2.711721 seconds.
  path: Assets/Materials
  artifactKey: Guid(61022a56a62111b438897ecdf8878f63) Importer(815301076,1909f56bfc062723c751e8b465ee728b)
Start importing Assets/Materials using Guid(61022a56a62111b438897ecdf8878f63) Importer(815301076,1909f56bfc062723c751e8b465ee728b)  -> (artifact id: 'bed4cc895e9e0bda6f9240d2ae6a61dc') in 0.005128 seconds 
  Import took 0.007326 seconds .

========================================================================
Received Import Request.
  Time since last request: 3.326237 seconds.
  path: Assets/Scripts
  artifactKey: Guid(d0da12c2b2ca7724190822edab808857) Importer(815301076,1909f56bfc062723c751e8b465ee728b)
Start importing Assets/Scripts using Guid(d0da12c2b2ca7724190822edab808857) Importer(815301076,1909f56bfc062723c751e8b465ee728b)  -> (artifact id: '9118b52d5bb0f3fffda272e8f6d076a3') in 0.005871 seconds 
  Import took 0.008175 seconds .

========================================================================
Received Import Request.
  Time since last request: 7.878421 seconds.
  path: Assets/Models
  artifactKey: Guid(02762098e42800f4b84e05ced2988dfd) Importer(815301076,1909f56bfc062723c751e8b465ee728b)
Start importing Assets/Models using Guid(02762098e42800f4b84e05ced2988dfd) Importer(815301076,1909f56bfc062723c751e8b465ee728b)  -> (artifact id: 'd97e3dbcf7c46789696d345b0a58d65d') in 0.005432 seconds 
  Import took 0.007694 seconds .

========================================================================
Received Import Request.
  Time since last request: 5.198826 seconds.
  path: Assets/Models/Prefabs
  artifactKey: Guid(aafe7bf2fa5936545b64c47cd142d971) Importer(815301076,1909f56bfc062723c751e8b465ee728b)
Start importing Assets/Models/Prefabs using Guid(aafe7bf2fa5936545b64c47cd142d971) Importer(815301076,1909f56bfc062723c751e8b465ee728b)  -> (artifact id: '71d9d11e06c63dcfa4ecfe7da8320920') in 0.005752 seconds 
  Import took 0.007860 seconds .

========================================================================
Received Import Request.
  Time since last request: 13.752302 seconds.
  path: Assets/Materials/Textures
  artifactKey: Guid(34e8bce31183ce440b62fb92edf03b65) Importer(815301076,1909f56bfc062723c751e8b465ee728b)
Start importing Assets/Materials/Textures using Guid(34e8bce31183ce440b62fb92edf03b65) Importer(815301076,1909f56bfc062723c751e8b465ee728b)  -> (artifact id: '1ac3ac99393e11407cb9e3df316000f7') in 0.005199 seconds 
  Import took 0.007338 seconds .

========================================================================
Received Import Request.
  Time since last request: 14.620156 seconds.
  path: Assets/Prototyping_Temp
  artifactKey: Guid(918d5b2925c0cf940a6964a6a48e9d15) Importer(815301076,1909f56bfc062723c751e8b465ee728b)
Start importing Assets/Prototyping_Temp using Guid(918d5b2925c0cf940a6964a6a48e9d15) Importer(815301076,1909f56bfc062723c751e8b465ee728b)  -> (artifact id: '88a1f8b51c009965aa0ad7083720f27f') in 0.005355 seconds 
  Import took 0.007699 seconds .

========================================================================
Received Import Request.
  Time since last request: 20.164938 seconds.
  path: Assets/Prototyping_Temp/MoveTestFloor.mat
  artifactKey: Guid(884407543857dcb429bda58b05d41691) Importer(815301076,1909f56bfc062723c751e8b465ee728b)
Start importing Assets/Prototyping_Temp/MoveTestFloor.mat using Guid(884407543857dcb429bda58b05d41691) Importer(815301076,1909f56bfc062723c751e8b465ee728b)  -> (artifact id: '271d50ed3d54dd0b84ffd45621068818') in 0.154831 seconds 
  Import took 0.156993 seconds .

========================================================================
Received Import Request.
  Time since last request: 28.122914 seconds.
  path: Assets/Prototyping_Temp/Materials
  artifactKey: Guid(73d12c96f3368ab48ab5a2ca42adbd79) Importer(815301076,1909f56bfc062723c751e8b465ee728b)
Start importing Assets/Prototyping_Temp/Materials using Guid(73d12c96f3368ab48ab5a2ca42adbd79) Importer(815301076,1909f56bfc062723c751e8b465ee728b)  -> (artifact id: '9063e3418c1413cff63cbab972034df4') in 0.001755 seconds 
  Import took 0.004204 seconds .

========================================================================
Received Import Request.
  Time since last request: 4.288456 seconds.
  path: Assets/Prototyping_Temp/Scripts
  artifactKey: Guid(e55fe277eb3b92b4fb6b573853b605e8) Importer(815301076,1909f56bfc062723c751e8b465ee728b)
Start importing Assets/Prototyping_Temp/Scripts using Guid(e55fe277eb3b92b4fb6b573853b605e8) Importer(815301076,1909f56bfc062723c751e8b465ee728b)  -> (artifact id: '358de721b4e5547a86234b66ac142acb') in 0.001709 seconds 
  Import took 0.003875 seconds .

========================================================================
Received Import Request.
  Time since last request: 4.659427 seconds.
  path: Assets/Prototyping_Temp/Prefabs
  artifactKey: Guid(7b5a4219454f087419c06b305f7dc98e) Importer(815301076,1909f56bfc062723c751e8b465ee728b)
Start importing Assets/Prototyping_Temp/Prefabs using Guid(7b5a4219454f087419c06b305f7dc98e) Importer(815301076,1909f56bfc062723c751e8b465ee728b)  -> (artifact id: '77cf94670d602452405e57ef47c5c6d8') in 0.001564 seconds 
  Import took 0.003737 seconds .

AssetImportWorkerClient::OnTransportError - code=2 error=End of file
